\BOOKMARK [1][-]{section.1}{\376\377\000C\000o\000s\000'\000\350\000\040\000l\000a\000\040\000l\000o\000g\000i\000c\000a\000\040\000p\000r\000o\000p\000o\000s\000i\000z\000i\000o\000n\000a\000l\000e}{}% 1
\BOOKMARK [1][-]{section.2}{\376\377\000S\000i\000n\000t\000a\000s\000s\000i\000\040\000d\000e\000l\000l\000a\000\040\000l\000o\000g\000i\000c\000a\000\040\000p\000r\000o\000p\000o\000s\000i\000z\000i\000o\000n\000a\000l\000e}{}% 2
\BOOKMARK [1][-]{section.3}{\376\377\000G\000l\000i\000\040\000a\000l\000b\000e\000r\000i\000\040\000d\000i\000\040\000d\000e\000d\000u\000z\000i\000o\000n\000e\000\040\000n\000a\000t\000u\000r\000a\000l\000e}{}% 3
\BOOKMARK [2][-]{subsection.3.1}{\376\377\000E\000s\000e\000m\000p\000i\000o\000\040\000p\000r\000a\000t\000i\000c\000o}{section.3}% 4
\BOOKMARK [1][-]{section.4}{\376\377\000L\000e\000\040\000r\000e\000g\000o\000l\000e}{}% 5
\BOOKMARK [2][-]{subsection.4.1}{\376\377\000I\000n\000v\000e\000r\000t\000i\000b\000i\000l\000i\000t\000\340\000\040\000d\000i\000\040\000u\000n\000a\000\040\000r\000e\000g\000o\000l\000a}{section.4}% 6
\BOOKMARK [1][-]{section.5}{\376\377\000A\000N\000D}{}% 7
\BOOKMARK [2][-]{subsection.5.1}{\376\377\000R\000e\000g\000o\000l\000a\000\040\000d\000i\000\040\000i\000n\000t\000r\000o\000d\000u\000z\000i\000o\000n\000e}{section.5}% 8
\BOOKMARK [2][-]{subsection.5.2}{\376\377\000R\000e\000g\000o\000l\000a\000\040\000d\000i\000\040\000e\000l\000i\000m\000i\000n\000a\000z\000i\000o\000n\000e}{section.5}% 9
\BOOKMARK [3][-]{subsubsection.5.2.1}{\376\377\000N\000o\000n\000-\000i\000n\000v\000e\000r\000t\000i\000b\000i\000l\000e}{subsection.5.2}% 10
\BOOKMARK [2][-]{subsection.5.3}{\376\377\000R\000e\000g\000o\000l\000e\000\040\000a\000l\000t\000e\000r\000n\000a\000t\000i\000v\000e\000\040\000d\000i\000\040\000e\000l\000i\000m\000i\000n\000a\000z\000i\000o\000n\000e}{section.5}% 11
\BOOKMARK [2][-]{subsection.5.4}{\376\377\000R\000i\000a\000s\000s\000u\000n\000t\000o\000\040\000r\000e\000g\000o\000l\000e\000\040\000d\000e\000l\000l\000'\000A\000N\000D}{section.5}% 12
\BOOKMARK [1][-]{section.6}{\376\377\000O\000R}{}% 13
\BOOKMARK [2][-]{subsection.6.1}{\376\377\000R\000e\000g\000o\000l\000e\000\040\000d\000i\000\040\000i\000n\000t\000r\000o\000d\000u\000z\000i\000o\000n\000e}{section.6}% 14
\BOOKMARK [2][-]{subsection.6.2}{\376\377\000R\000e\000g\000o\000l\000a\000\040\000d\000i\000\040\000e\000l\000i\000m\000i\000n\000a\000z\000i\000o\000n\000e}{section.6}% 15
\BOOKMARK [1][-]{section.7}{\376\377\000A\000r\000m\000o\000n\000i\000a\000\040\000n\000e\000l\000l\000'\000A\000N\000D\000\040\000e\000\040\000n\000e\000l\000l\000'\000O\000R}{}% 16
\BOOKMARK [1][-]{section.8}{\376\377\000B\000O\000T\000T\000O\000M}{}% 17
\BOOKMARK [2][-]{subsection.8.1}{\376\377\000R\000e\000g\000o\000l\000a\000\040\000d\000i\000\040\000e\000l\000i\000m\000i\000n\000a\000z\000i\000o\000n\000e}{section.8}% 18
\BOOKMARK [3][-]{subsubsection.8.1.1}{\376\377\000N\000o\000n\000-\000I\000n\000v\000e\000r\000t\000i\000b\000i\000l\000i\000t\000\340}{subsection.8.1}% 19
\BOOKMARK [1][-]{section.9}{\376\377\000T\000O\000P}{}% 20
\BOOKMARK [2][-]{subsection.9.1}{\376\377\000R\000e\000g\000o\000l\000a\000\040\000d\000i\000\040\000i\000n\000t\000r\000o\000d\000u\000z\000i\000o\000n\000e}{section.9}% 21
\BOOKMARK [1][-]{section.10}{\376\377\000I\000M\000P\000L\000I\000C\000A\000Z\000I\000O\000N\000E}{}% 22
\BOOKMARK [2][-]{subsection.10.1}{\376\377\000R\000e\000g\000o\000l\000a\000\040\000d\000i\000\040\000i\000n\000t\000r\000o\000d\000u\000z\000i\000o\000n\000e}{section.10}% 23
\BOOKMARK [2][-]{subsection.10.2}{\376\377\000R\000e\000g\000o\000l\000a\000\040\000d\000i\000\040\000e\000l\000i\000m\000i\000n\000a\000z\000i\000o\000n\000e\000\040\000\050\000m\000o\000d\000u\000s\000\040\000p\000o\000n\000e\000n\000s\000\051}{section.10}% 24
\BOOKMARK [1][-]{section.11}{\376\377\000N\000E\000G\000A\000Z\000I\000O\000N\000E}{}% 25
\BOOKMARK [2][-]{subsection.11.1}{\376\377\000R\000e\000g\000o\000l\000e\000\040\000d\000i\000\040\000i\000n\000t\000r\000o\000d\000u\000z\000i\000o\000n\000e}{section.11}% 26
\BOOKMARK [2][-]{subsection.11.2}{\376\377\000R\000e\000g\000o\000l\000e\000\040\000d\000i\000\040\000e\000l\000i\000m\000i\000n\000a\000z\000i\000o\000n\000e}{section.11}% 27
\BOOKMARK [2][-]{subsection.11.3}{\376\377\000I\000n\000v\000e\000r\000t\000i\000b\000i\000l\000i\000t\000\340\000\040\000r\000e\000g\000o\000l\000e}{section.11}% 28
\BOOKMARK [1][-]{section.12}{\376\377\000T\000a\000u\000t\000o\000l\000o\000g\000i\000e\000\040\000e\000\040\000c\000o\000m\000e\000\040\000r\000i\000s\000o\000l\000v\000e\000r\000l\000e}{}% 29
\BOOKMARK [2][-]{subsection.12.1}{\376\377\000R\000A\000A}{section.12}% 30
\BOOKMARK [3][-]{subsubsection.12.1.1}{\376\377\000S\000c\000h\000e\000m\000a\000\040\000f\000r\000e\000q\000u\000e\000n\000t\000e\000\040\000p\000e\000r\000\040\000u\000t\000i\000l\000i\000z\000z\000o\000\040\000d\000e\000l\000\040\000R\000A\000A}{subsection.12.1}% 31
\BOOKMARK [2][-]{subsection.12.2}{\376\377\000E\000M}{section.12}% 32
